Use the last 24 collections data
Use the last 24 collections data
Use the last 24 collections data
start epoch : 0
train
1 (0.27778703549408434, 0.7309746399577239, 0.24691888933885922)
Avg [0.27778703549408434, 0.7309746399577239, 0.24691888933885922]

train Epoch 0 (lr 0.000100)
loss: 0.6003 	
Running time: 60.482778787612915
valid
1 (0.32395950506186727, 0.7843926195633805, 0.29600712367395016)
Avg [0.32395950506186727, 0.7843926195633805, 0.29600712367395016]

valid Epoch 0 (lr 0.000100)
loss: 0.5620 	
				 best epoch: 0     best AUC: 0.7844 	
start epoch : 1
train
1 (0.317815344603381, 0.7743712531592003, 0.28599231227584004)
Avg [0.317815344603381, 0.7743712531592003, 0.28599231227584004]

train Epoch 1 (lr 0.000100)
loss: 0.5669 	
Running time: 58.68597459793091
valid
1 (0.32781456953642385, 0.7819648645742114, 0.3095280688155367)
Avg [0.32781456953642385, 0.7819648645742114, 0.3095280688155367]

valid Epoch 1 (lr 0.000100)
loss: 0.5864 	
				 best epoch: 0     best AUC: 0.7844 	
start epoch : 2
train
1 (0.32899549204729095, 0.7955503229712286, 0.31500352095311424)
Avg [0.32899549204729095, 0.7955503229712286, 0.31500352095311424]

train Epoch 2 (lr 0.000100)
loss: 0.5407 	
Running time: 59.516473054885864
valid
1 (0.344954128440367, 0.7997952865987616, 0.33450870705952507)
Avg [0.344954128440367, 0.7997952865987616, 0.33450870705952507]

valid Epoch 2 (lr 0.000100)
loss: 0.5381 	
				 best epoch: 2     best AUC: 0.7998 	
start epoch : 3
train
1 (0.3473053892215569, 0.8064757653482241, 0.3326991069424242)
Avg [0.3473053892215569, 0.8064757653482241, 0.3326991069424242]

train Epoch 3 (lr 0.000100)
loss: 0.5347 	
Running time: 59.39748978614807
valid
1 (0.3532934131736527, 0.8001590081578098, 0.3392989618244977)
Avg [0.3532934131736527, 0.8001590081578098, 0.3392989618244977]

valid Epoch 3 (lr 0.000100)
loss: 0.5324 	
				 best epoch: 3     best AUC: 0.8002 	
start epoch : 4
train
1 (0.3581282624906786, 0.8164822799173582, 0.3564152564843065)
Avg [0.3581282624906786, 0.8164822799173582, 0.3564152564843065]

train Epoch 4 (lr 0.000100)
loss: 0.5151 	
Running time: 54.35079765319824
valid
1 (0.37527272727272726, 0.7939838072851854, 0.33907738473428506)
Avg [0.37527272727272726, 0.7939838072851854, 0.33907738473428506]

valid Epoch 4 (lr 0.000100)
loss: 0.5425 	
				 best epoch: 3     best AUC: 0.8002 	
start epoch : 5
train
1 (0.3500403478884605, 0.8195463032159032, 0.35889677632347816)
Avg [0.3500403478884605, 0.8195463032159032, 0.35889677632347816]

train Epoch 5 (lr 0.000100)
loss: 0.5142 	
Running time: 55.949167013168335
valid
1 (0.37845923709798057, 0.7983231168671553, 0.35986644072744284)
Avg [0.37845923709798057, 0.7983231168671553, 0.35986644072744284]

valid Epoch 5 (lr 0.000100)
loss: 0.5431 	
				 best epoch: 3     best AUC: 0.8002 	
start epoch : 6
train
1 (0.37742672249714504, 0.8324848103741878, 0.38405319628111667)
Avg [0.37742672249714504, 0.8324848103741878, 0.38405319628111667]

train Epoch 6 (lr 0.000100)
loss: 0.5014 	
Running time: 58.95771884918213
valid
1 (0.3625, 0.8038699666620577, 0.33565243717951787)
Avg [0.3625, 0.8038699666620577, 0.33565243717951787]

valid Epoch 6 (lr 0.000100)
loss: 0.5270 	
				 best epoch: 6     best AUC: 0.8039 	
start epoch : 7
train
1 (0.37990243902439025, 0.838439821964099, 0.39490067221531894)
Avg [0.37990243902439025, 0.838439821964099, 0.39490067221531894]

train Epoch 7 (lr 0.000100)
loss: 0.4888 	
Running time: 60.129810094833374
valid
1 (0.3507377979568672, 0.8120377625170915, 0.3541084469563033)
Avg [0.3507377979568672, 0.8120377625170915, 0.3541084469563033]

valid Epoch 7 (lr 0.000100)
loss: 0.5172 	
				 best epoch: 7     best AUC: 0.8120 	
start epoch : 8
train
1 (0.3922268490977593, 0.8457639027381678, 0.41042043662284855)
Avg [0.3922268490977593, 0.8457639027381678, 0.41042043662284855]

train Epoch 8 (lr 0.000100)
loss: 0.4763 	
Running time: 59.61872839927673
valid
1 (0.37777777777777777, 0.8130171605905578, 0.371396417102434)
Avg [0.37777777777777777, 0.8130171605905578, 0.371396417102434]

valid Epoch 8 (lr 0.000100)
loss: 0.5193 	
				 best epoch: 8     best AUC: 0.8130 	
start epoch : 9
train
1 (0.3815479427224941, 0.8516284973396537, 0.4190551296344276)
Avg [0.3815479427224941, 0.8516284973396537, 0.4190551296344276]

train Epoch 9 (lr 0.000100)
loss: 0.4715 	
Running time: 60.429155588150024
valid
1 (0.35079726651480636, 0.8093622774269867, 0.3685355247697226)
Avg [0.35079726651480636, 0.8093622774269867, 0.3685355247697226]

valid Epoch 9 (lr 0.000100)
loss: 0.5267 	
				 best epoch: 8     best AUC: 0.8130 	
start epoch : 10
train
1 (0.39651250947687644, 0.8606938236837924, 0.43534720890094125)
Avg [0.39651250947687644, 0.8606938236837924, 0.43534720890094125]

train Epoch 10 (lr 0.000100)
loss: 0.4596 	
Running time: 60.04748582839966
valid
1 (0.38596491228070173, 0.8187629626215607, 0.3655619455172541)
Avg [0.38596491228070173, 0.8187629626215607, 0.3655619455172541]

valid Epoch 10 (lr 0.000100)
loss: 0.5214 	
				 best epoch: 10     best AUC: 0.8188 	
start epoch : 11
train
1 (0.39684161634928006, 0.8678397634726501, 0.44278568762673365)
Avg [0.39684161634928006, 0.8678397634726501, 0.44278568762673365]

train Epoch 11 (lr 0.000100)
loss: 0.4414 	
Running time: 59.84020638465881
valid
1 (0.36341463414634145, 0.8118610867861915, 0.3419285351718856)
Avg [0.36341463414634145, 0.8118610867861915, 0.3419285351718856]

valid Epoch 11 (lr 0.000100)
loss: 0.5281 	
				 best epoch: 10     best AUC: 0.8188 	
start epoch : 12
train
1 (0.40427280197206245, 0.8766858868856544, 0.4594554683644146)
Avg [0.40427280197206245, 0.8766858868856544, 0.4594554683644146]

train Epoch 12 (lr 0.000100)
loss: 0.4338 	
Running time: 59.54936385154724
valid
1 (0.34015195791934544, 0.7928407921217988, 0.3391532744275734)
Avg [0.34015195791934544, 0.7928407921217988, 0.3391532744275734]

valid Epoch 12 (lr 0.000100)
loss: 0.5536 	
				 best epoch: 10     best AUC: 0.8188 	
start epoch : 13
train
1 (0.4299783336616112, 0.8860346444233134, 0.47978845397779346)
Avg [0.4299783336616112, 0.8860346444233134, 0.47978845397779346]

train Epoch 13 (lr 0.000100)
loss: 0.4160 	
Running time: 60.28638195991516
valid
1 (0.35328297501452643, 0.8087085772226574, 0.35522333149359353)
Avg [0.35328297501452643, 0.8087085772226574, 0.35522333149359353]

valid Epoch 13 (lr 0.000100)
loss: 0.5336 	
				 best epoch: 10     best AUC: 0.8188 	
start epoch : 14
train
1 (0.4453616757816531, 0.8940390144157903, 0.5075029304920017)
Avg [0.4453616757816531, 0.8940390144157903, 0.5075029304920017]

train Epoch 14 (lr 0.000100)
loss: 0.4002 	
Running time: 60.15867280960083
valid
1 (0.36398467432950193, 0.8012205988539123, 0.33837108999500926)
Avg [0.36398467432950193, 0.8012205988539123, 0.33837108999500926]

valid Epoch 14 (lr 0.000100)
loss: 0.5469 	
				 best epoch: 10     best AUC: 0.8188 	
start epoch : 15
train
1 (0.43395144331867713, 0.9004660983811942, 0.524727469312646)
Avg [0.43395144331867713, 0.9004660983811942, 0.524727469312646]

train Epoch 15 (lr 0.000100)
loss: 0.3907 	
Running time: 59.98760151863098
valid
1 (0.38155136268343814, 0.8083713570232444, 0.34357294257884036)
Avg [0.38155136268343814, 0.8083713570232444, 0.34357294257884036]

valid Epoch 15 (lr 0.000100)
loss: 0.5544 	
				 best epoch: 10     best AUC: 0.8188 	
start epoch : 16
train
1 (0.47418941979522183, 0.9117668548499578, 0.5549430484921463)
Avg [0.47418941979522183, 0.9117668548499578, 0.5549430484921463]

train Epoch 16 (lr 0.000100)
loss: 0.3703 	
Running time: 59.258995056152344
valid
1 (0.36895674300254455, 0.8068795993301685, 0.33975003969493106)
Avg [0.36895674300254455, 0.8068795993301685, 0.33975003969493106]

valid Epoch 16 (lr 0.000100)
loss: 0.5878 	
				 best epoch: 10     best AUC: 0.8188 	
start epoch : 17
train
1 (0.47855199832600964, 0.9220758574403027, 0.5912567373574642)
Avg [0.47855199832600964, 0.9220758574403027, 0.5912567373574642]

train Epoch 17 (lr 0.000100)
loss: 0.3445 	
Running time: 60.09979510307312
valid
1 (0.34945586457073763, 0.7919074833694367, 0.32811122383125146)
Avg [0.34945586457073763, 0.7919074833694367, 0.32811122383125146]

valid Epoch 17 (lr 0.000100)
loss: 0.6372 	
				 best epoch: 10     best AUC: 0.8188 	
start epoch : 18
train
1 (0.4944262295081967, 0.9258546435444264, 0.6005357381466958)
Avg [0.4944262295081967, 0.9258546435444264, 0.6005357381466958]

train Epoch 18 (lr 0.000100)
loss: 0.3349 	
Running time: 59.27844214439392
valid
1 (0.36080467229072033, 0.8004931557358159, 0.31675289626081393)
Avg [0.36080467229072033, 0.8004931557358159, 0.31675289626081393]

valid Epoch 18 (lr 0.000100)
loss: 0.5786 	
				 best epoch: 10     best AUC: 0.8188 	
start epoch : 19
train
1 (0.5176917066636901, 0.9358243786008262, 0.6395200377639276)
Avg [0.5176917066636901, 0.9358243786008262, 0.6395200377639276]

train Epoch 19 (lr 0.000100)
loss: 0.3159 	
Running time: 60.14335894584656
valid
1 (0.34258712344949793, 0.7810903197062573, 0.32286585805338847)
Avg [0.34258712344949793, 0.7810903197062573, 0.32286585805338847]

valid Epoch 19 (lr 0.000100)
loss: 0.7656 	
				 best epoch: 10     best AUC: 0.8188 	
start epoch : 20
train
1 (0.5160940717459629, 0.944240702195182, 0.6789012965829417)
Avg [0.5160940717459629, 0.944240702195182, 0.6789012965829417]

train Epoch 20 (lr 0.000100)
loss: 0.2926 	
Running time: 59.73244261741638
valid
1 (0.3584547181760608, 0.7785507981134104, 0.292312399918703)
Avg [0.3584547181760608, 0.7785507981134104, 0.292312399918703]

valid Epoch 20 (lr 0.000100)
loss: 0.7268 	
				 best epoch: 10     best AUC: 0.8188 	
start epoch : 21
train
1 (0.5268467660576168, 0.9426291567025975, 0.6617300474858572)
Avg [0.5268467660576168, 0.9426291567025975, 0.6617300474858572]

train Epoch 21 (lr 0.000100)
loss: 0.2956 	
Running time: 60.1815721988678
valid
1 (0.3221476510067114, 0.7708216189642194, 0.29622868709674915)
Avg [0.3221476510067114, 0.7708216189642194, 0.29622868709674915]

valid Epoch 21 (lr 0.000100)
loss: 0.7968 	
				 best epoch: 10     best AUC: 0.8188 	
start epoch : 22
train
1 (0.5423419310659666, 0.9511433503662171, 0.7112415296892445)
Avg [0.5423419310659666, 0.9511433503662171, 0.7112415296892445]

train Epoch 22 (lr 0.000100)
loss: 0.2737 	
Running time: 59.37103891372681
valid
1 (0.36174636174636177, 0.7853505092869982, 0.31125409104248936)
Avg [0.36174636174636177, 0.7853505092869982, 0.31125409104248936]

valid Epoch 22 (lr 0.000100)
loss: 0.7196 	
				 best epoch: 10     best AUC: 0.8188 	
start epoch : 23
train
1 (0.5992976980101443, 0.9570243005683052, 0.7372637138538543)
Avg [0.5992976980101443, 0.9570243005683052, 0.7372637138538543]

train Epoch 23 (lr 0.000100)
loss: 0.2608 	
Running time: 58.738534688949585
valid
1 (0.34177215189873417, 0.7867754374644729, 0.3120224416536809)
Avg [0.34177215189873417, 0.7867754374644729, 0.3120224416536809]

valid Epoch 23 (lr 0.000100)
loss: 0.7443 	
				 best epoch: 10     best AUC: 0.8188 	
start epoch : 24
train
1 (0.5879053889295294, 0.9620785599850628, 0.7642895371155497)
Avg [0.5879053889295294, 0.9620785599850628, 0.7642895371155497]

train Epoch 24 (lr 0.000100)
loss: 0.2399 	
Running time: 59.57356905937195
valid
1 (0.3373639661426844, 0.7820942987509795, 0.3105688195232331)
Avg [0.3373639661426844, 0.7820942987509795, 0.3105688195232331]

valid Epoch 24 (lr 0.000100)
loss: 0.9058 	
				 best epoch: 10     best AUC: 0.8188 	
best metric [0.8187629626215607, 10]
