Use the last 24 collections data
Use the last 24 collections data
Use the last 24 collections data
start epoch : 0
train
1 (0.24491915146120755, 0.6655753050393631, 0.17663489944749336)
Avg [0.24491915146120755, 0.6655753050393631, 0.17663489944749336]

train Epoch 0 (lr 0.000100)
loss: 0.6486 	
Running time: 97.4402666091919
valid
1 (0.29770565193060994, 0.7460378546957337, 0.2696628935783339)
Avg [0.29770565193060994, 0.7460378546957337, 0.2696628935783339]

valid Epoch 0 (lr 0.000100)
loss: 0.5917 	
				 best epoch: 0     best AUC: 0.7460 	
start epoch : 1
train
1 (0.2871580973770755, 0.7392827991722649, 0.25279275438133797)
Avg [0.2871580973770755, 0.7392827991722649, 0.25279275438133797]

train Epoch 1 (lr 0.000100)
loss: 0.5970 	
Running time: 97.67938804626465
valid
1 (0.3150333504361211, 0.7824729993393864, 0.3135445702446955)
Avg [0.3150333504361211, 0.7824729993393864, 0.3135445702446955]

valid Epoch 1 (lr 0.000100)
loss: 0.5659 	
				 best epoch: 1     best AUC: 0.7825 	
start epoch : 2
train
1 (0.31904503526858385, 0.7696705168376379, 0.2983512764610222)
Avg [0.31904503526858385, 0.7696705168376379, 0.2983512764610222]

train Epoch 2 (lr 0.000100)
loss: 0.5718 	
Running time: 90.87651491165161
valid
1 (0.32930036822724884, 0.8008311440905808, 0.3589544107095597)
Avg [0.32930036822724884, 0.8008311440905808, 0.3589544107095597]

valid Epoch 2 (lr 0.000100)
loss: 0.5414 	
				 best epoch: 2     best AUC: 0.8008 	
start epoch : 3
train
1 (0.33205619412515963, 0.7885787276258514, 0.3195610194156777)
Avg [0.33205619412515963, 0.7885787276258514, 0.3195610194156777]

train Epoch 3 (lr 0.000100)
loss: 0.5517 	
Running time: 98.26776003837585
valid
1 (0.32646239554317547, 0.8008664792367608, 0.3620899067376353)
Avg [0.32646239554317547, 0.8008664792367608, 0.3620899067376353]

valid Epoch 3 (lr 0.000100)
loss: 0.5316 	
				 best epoch: 3     best AUC: 0.8009 	
start epoch : 4
train
1 (0.34460373275628886, 0.8025583354696088, 0.3482158857864508)
Avg [0.34460373275628886, 0.8025583354696088, 0.3482158857864508]

train Epoch 4 (lr 0.000100)
loss: 0.5426 	
Running time: 93.11031818389893
valid
1 (0.3389279913373037, 0.8038807208369821, 0.3609061092380176)
Avg [0.3389279913373037, 0.8038807208369821, 0.3609061092380176]

valid Epoch 4 (lr 0.000100)
loss: 0.5397 	
				 best epoch: 4     best AUC: 0.8039 	
start epoch : 5
train
1 (0.34010639225603906, 0.8069621674040028, 0.346956191288603)
Avg [0.34010639225603906, 0.8069621674040028, 0.346956191288603]

train Epoch 5 (lr 0.000100)
loss: 0.5333 	
Running time: 92.20433521270752
valid
1 (0.35980746089049337, 0.8148899233380958, 0.3769490706323673)
Avg [0.35980746089049337, 0.8148899233380958, 0.3769490706323673]

valid Epoch 5 (lr 0.000100)
loss: 0.5251 	
				 best epoch: 5     best AUC: 0.8149 	
start epoch : 6
train
1 (0.36363636363636365, 0.8124090353542531, 0.3515671180557354)
Avg [0.36363636363636365, 0.8124090353542531, 0.3515671180557354]

train Epoch 6 (lr 0.000100)
loss: 0.5271 	
Running time: 92.02913403511047
valid
1 (0.35221536735838477, 0.8193521377763439, 0.3873488815494582)
Avg [0.35221536735838477, 0.8193521377763439, 0.3873488815494582]

valid Epoch 6 (lr 0.000100)
loss: 0.5197 	
				 best epoch: 6     best AUC: 0.8194 	
start epoch : 7
train
1 (0.353972602739726, 0.8191086467794422, 0.3700027796923451)
Avg [0.353972602739726, 0.8191086467794422, 0.3700027796923451]

train Epoch 7 (lr 0.000100)
loss: 0.5230 	
Running time: 89.82061505317688
valid
1 (0.3559718969555035, 0.8114846906638399, 0.35965640469014637)
Avg [0.3559718969555035, 0.8114846906638399, 0.35965640469014637]

valid Epoch 7 (lr 0.000100)
loss: 0.5380 	
				 best epoch: 6     best AUC: 0.8194 	
start epoch : 8
train
1 (0.3701754385964912, 0.8208842835821986, 0.37169242837054883)
Avg [0.3701754385964912, 0.8208842835821986, 0.37169242837054883]

train Epoch 8 (lr 0.000100)
loss: 0.5182 	
Running time: 91.49570369720459
valid
1 (0.3708950418544752, 0.8192146379683827, 0.39726510613179694)
Avg [0.3708950418544752, 0.8192146379683827, 0.39726510613179694]

valid Epoch 8 (lr 0.000100)
loss: 0.5129 	
				 best epoch: 6     best AUC: 0.8194 	
start epoch : 9
train
1 (0.3583424607520993, 0.8240509864518968, 0.379557680708806)
Avg [0.3583424607520993, 0.8240509864518968, 0.379557680708806]

train Epoch 9 (lr 0.000100)
loss: 0.5124 	
Running time: 91.88673710823059
valid
1 (0.36123853211009177, 0.8249888617473998, 0.39717392647700644)
Avg [0.36123853211009177, 0.8249888617473998, 0.39717392647700644]

valid Epoch 9 (lr 0.000100)
loss: 0.5091 	
				 best epoch: 9     best AUC: 0.8250 	
start epoch : 10
train
1 (0.3623612960497115, 0.830663302123619, 0.3829689647120088)
Avg [0.3623612960497115, 0.830663302123619, 0.3829689647120088]

train Epoch 10 (lr 0.000100)
loss: 0.5052 	
Running time: 91.5432767868042
valid
1 (0.37538461538461537, 0.82307999569833, 0.3929242058235354)
Avg [0.37538461538461537, 0.82307999569833, 0.3929242058235354]

valid Epoch 10 (lr 0.000100)
loss: 0.5146 	
				 best epoch: 9     best AUC: 0.8250 	
start epoch : 11
train
1 (0.3772113372645996, 0.8317959068767115, 0.38626159400824805)
Avg [0.3772113372645996, 0.8317959068767115, 0.38626159400824805]

train Epoch 11 (lr 0.000100)
loss: 0.5009 	
Running time: 92.08231687545776
valid
1 (0.37, 0.8226313929729149, 0.37706309361770335)
Avg [0.37, 0.8226313929729149, 0.37706309361770335]

valid Epoch 11 (lr 0.000100)
loss: 0.5074 	
				 best epoch: 9     best AUC: 0.8250 	
start epoch : 12
train
1 (0.373891718543671, 0.8328665151739455, 0.389346420517753)
Avg [0.373891718543671, 0.8328665151739455, 0.389346420517753]

train Epoch 12 (lr 0.000100)
loss: 0.4974 	
Running time: 91.33401703834534
valid
1 (0.37170263788968827, 0.8306939515447604, 0.3942474458714764)
Avg [0.37170263788968827, 0.8306939515447604, 0.3942474458714764]

valid Epoch 12 (lr 0.000100)
loss: 0.5009 	
				 best epoch: 12     best AUC: 0.8307 	
start epoch : 13
train
1 (0.367103694874851, 0.8357552469524394, 0.39811316923213136)
Avg [0.367103694874851, 0.8357552469524394, 0.39811316923213136]

train Epoch 13 (lr 0.000100)
loss: 0.5000 	
Running time: 91.02755284309387
valid
1 (0.36893203883495146, 0.8230761549215714, 0.3884773942278603)
Avg [0.36893203883495146, 0.8230761549215714, 0.3884773942278603]

valid Epoch 13 (lr 0.000100)
loss: 0.5118 	
				 best epoch: 12     best AUC: 0.8307 	
start epoch : 14
train
1 (0.3682090754497449, 0.840095583579359, 0.40089484131097564)
Avg [0.3682090754497449, 0.840095583579359, 0.40089484131097564]

train Epoch 14 (lr 0.000100)
loss: 0.4955 	
Running time: 93.91550374031067
valid
1 (0.38778220451527223, 0.8264929099261034, 0.3913181873895697)
Avg [0.38778220451527223, 0.8264929099261034, 0.3913181873895697]

valid Epoch 14 (lr 0.000100)
loss: 0.5061 	
				 best epoch: 12     best AUC: 0.8307 	
start epoch : 15
train
1 (0.3697657913413769, 0.8415865868131231, 0.40250946862497505)
Avg [0.3697657913413769, 0.8415865868131231, 0.40250946862497505]

train Epoch 15 (lr 0.000100)
loss: 0.4925 	
Running time: 93.72330212593079
valid
1 (0.37364043506078054, 0.8263239157487211, 0.4005128976450471)
Avg [0.37364043506078054, 0.8263239157487211, 0.4005128976450471]

valid Epoch 15 (lr 0.000100)
loss: 0.5236 	
				 best epoch: 12     best AUC: 0.8307 	
start epoch : 16
train
1 (0.39155806263372883, 0.8462388245788212, 0.41667001948967897)
Avg [0.39155806263372883, 0.8462388245788212, 0.41667001948967897]

train Epoch 16 (lr 0.000100)
loss: 0.4848 	
Running time: 92.11988139152527
valid
1 (0.3859407305306685, 0.82622175108694, 0.4026342306145295)
Avg [0.3859407305306685, 0.82622175108694, 0.4026342306145295]

valid Epoch 16 (lr 0.000100)
loss: 0.5028 	
				 best epoch: 12     best AUC: 0.8307 	
start epoch : 17
train
1 (0.3838139534883721, 0.8481713549098129, 0.4232189234030256)
Avg [0.3838139534883721, 0.8481713549098129, 0.4232189234030256]

train Epoch 17 (lr 0.000100)
loss: 0.4807 	
Running time: 92.34412813186646
valid
1 (0.3997113997113997, 0.8300471647385967, 0.4091871975727413)
Avg [0.3997113997113997, 0.8300471647385967, 0.4091871975727413]

valid Epoch 17 (lr 0.000100)
loss: 0.5198 	
				 best epoch: 12     best AUC: 0.8307 	
start epoch : 18
train
1 (0.3899310872894334, 0.8512566339007821, 0.4208151597152383)
Avg [0.3899310872894334, 0.8512566339007821, 0.4208151597152383]

train Epoch 18 (lr 0.000100)
loss: 0.4740 	
Running time: 91.24607014656067
valid
1 (0.3837981407702523, 0.826212533222719, 0.3969033981491715)
Avg [0.3837981407702523, 0.826212533222719, 0.3969033981491715]

valid Epoch 18 (lr 0.000100)
loss: 0.5062 	
				 best epoch: 12     best AUC: 0.8307 	
start epoch : 19
train
1 (0.3905325443786982, 0.8554044092722717, 0.43167407498641674)
Avg [0.3905325443786982, 0.8554044092722717, 0.43167407498641674]

train Epoch 19 (lr 0.000100)
loss: 0.4652 	
Running time: 90.6220428943634
valid
1 (0.37285986049461, 0.825466654376181, 0.4026372424379486)
Avg [0.37285986049461, 0.825466654376181, 0.4026372424379486]

valid Epoch 19 (lr 0.000100)
loss: 0.5099 	
				 best epoch: 12     best AUC: 0.8307 	
start epoch : 20
train
1 (0.3878070973612375, 0.8584298906721162, 0.4445824524042844)
Avg [0.3878070973612375, 0.8584298906721162, 0.4445824524042844]

train Epoch 20 (lr 0.000100)
loss: 0.4600 	
Running time: 94.28187894821167
valid
1 (0.3817427385892116, 0.8146587085772226, 0.3878464621602481)
Avg [0.3817427385892116, 0.8146587085772226, 0.3878464621602481]

valid Epoch 20 (lr 0.000100)
loss: 0.5345 	
				 best epoch: 12     best AUC: 0.8307 	
start epoch : 21
train
1 (0.4060762509928515, 0.8623294908048582, 0.4470285141941056)
Avg [0.4060762509928515, 0.8623294908048582, 0.4470285141941056]

train Epoch 21 (lr 0.000100)
loss: 0.4532 	
Running time: 92.64612865447998
valid
1 (0.35049288061336253, 0.8260120446759153, 0.40341412883091493)
Avg [0.35049288061336253, 0.8260120446759153, 0.40341412883091493]

valid Epoch 21 (lr 0.000100)
loss: 0.5057 	
				 best epoch: 12     best AUC: 0.8307 	
start epoch : 22
train
1 (0.39459765772572725, 0.861869829250165, 0.4419800656694904)
Avg [0.39459765772572725, 0.861869829250165, 0.4419800656694904]

train Epoch 22 (lr 0.000100)
loss: 0.4576 	
Running time: 92.7779266834259
valid
1 (0.3662138216184288, 0.8185570969872946, 0.3936701670564643)
Avg [0.3662138216184288, 0.8185570969872946, 0.3936701670564643]

valid Epoch 22 (lr 0.000100)
loss: 0.5491 	
				 best epoch: 12     best AUC: 0.8307 	
start epoch : 23
train
1 (0.4097847358121331, 0.8682410768751441, 0.4611813841820558)
Avg [0.4097847358121331, 0.8682410768751441, 0.4611813841820558]

train Epoch 23 (lr 0.000100)
loss: 0.4504 	
Running time: 90.46707367897034
valid
1 (0.3695920889987639, 0.8225207786022646, 0.40195099522095595)
Avg [0.3695920889987639, 0.8225207786022646, 0.40195099522095595]

valid Epoch 23 (lr 0.000100)
loss: 0.5359 	
				 best epoch: 12     best AUC: 0.8307 	
start epoch : 24
train
1 (0.4044512663085188, 0.8700858832093503, 0.46792963990864034)
Avg [0.4044512663085188, 0.8700858832093503, 0.46792963990864034]

train Epoch 24 (lr 0.000100)
loss: 0.4471 	
Running time: 92.79445004463196
valid
1 (0.3684210526315789, 0.8227174263723095, 0.3957681853494878)
Avg [0.3684210526315789, 0.8227174263723095, 0.3957681853494878]

valid Epoch 24 (lr 0.000100)
loss: 0.5248 	
				 best epoch: 12     best AUC: 0.8307 	
best metric [0.8306939515447604, 12]
