Inputs:  3 ; use_unstructure:  0 ; value_embedding:  use_order  use_ve:  1
Use the last 24 collections data
Use the last 24 collections data
Use the last 24 collections data
start epoch : 0
train
1 (0.6489395378284267, 0.7164846796156319, 0.7289831128688)
Avg [0.6489395378284267, 0.7164846796156319, 0.7289831128688]

train Epoch 0 (lr 0.000100)
loss: 0.6132 	
Running time: 65.91473054885864
valid
1 (0.6890710382513662, 0.7555086014314252, 0.763545639656738)
Avg [0.6890710382513662, 0.7555086014314252, 0.763545639656738]

valid Epoch 0 (lr 0.000100)
loss: 0.5962 	
				 best epoch: 0     best AUC: 0.7555 	
start epoch : 1
train
1 (0.6738810022496315, 0.741684274682221, 0.7504858372762936)
Avg [0.6738810022496315, 0.741684274682221, 0.7504858372762936]

train Epoch 1 (lr 0.000100)
loss: 0.5956 	
Running time: 63.24182438850403
valid
1 (0.713265306122449, 0.7621101924866165, 0.7668503569309573)
Avg [0.713265306122449, 0.7621101924866165, 0.7668503569309573]

valid Epoch 1 (lr 0.000100)
loss: 0.5839 	
				 best epoch: 1     best AUC: 0.7621 	
start epoch : 2
train
1 (0.6762527576426095, 0.7509722305174147, 0.7593113421285254)
Avg [0.6762527576426095, 0.7509722305174147, 0.7593113421285254]

train Epoch 2 (lr 0.000100)
loss: 0.5880 	
Running time: 64.08993721008301
valid
1 (0.6996523134527949, 0.7603493648082842, 0.7660013169499739)
Avg [0.6996523134527949, 0.7603493648082842, 0.7660013169499739]

valid Epoch 2 (lr 0.000100)
loss: 0.5851 	
				 best epoch: 1     best AUC: 0.7621 	
start epoch : 3
train
1 (0.6892198745333488, 0.7553913976163458, 0.7624694565500622)
Avg [0.6892198745333488, 0.7553913976163458, 0.7624694565500622]

train Epoch 3 (lr 0.000100)
loss: 0.5838 	
Running time: 63.923532247543335
valid
1 (0.7079926140859931, 0.7699706701604683, 0.7751838112741537)
Avg [0.7079926140859931, 0.7699706701604683, 0.7751838112741537]

valid Epoch 3 (lr 0.000100)
loss: 0.5760 	
				 best epoch: 3     best AUC: 0.7700 	
start epoch : 4
train
1 (0.6955923391566956, 0.7628865102457253, 0.7685157705834721)
Avg [0.6955923391566956, 0.7628865102457253, 0.7685157705834721]

train Epoch 4 (lr 0.000100)
loss: 0.5772 	
Running time: 63.382108211517334
valid
1 (0.7126855952070852, 0.7727140575480322, 0.7762607514779015)
Avg [0.7126855952070852, 0.7727140575480322, 0.7762607514779015]

valid Epoch 4 (lr 0.000100)
loss: 0.5802 	
				 best epoch: 4     best AUC: 0.7727 	
start epoch : 5
train
1 (0.6994774857845397, 0.7696126026912165, 0.775900449104266)
Avg [0.6994774857845397, 0.7696126026912165, 0.775900449104266]

train Epoch 5 (lr 0.000100)
loss: 0.5702 	
Running time: 63.05900979042053
valid
1 (0.7174635643058042, 0.7730497414369633, 0.7761333992460211)
Avg [0.7174635643058042, 0.7730497414369633, 0.7761333992460211]

valid Epoch 5 (lr 0.000100)
loss: 0.5715 	
				 best epoch: 5     best AUC: 0.7730 	
start epoch : 6
train
1 (0.7062984938384299, 0.7767274539021134, 0.7813851564987058)
Avg [0.7062984938384299, 0.7767274539021134, 0.7813851564987058]

train Epoch 6 (lr 0.000100)
loss: 0.5651 	
Running time: 63.338993072509766
valid
1 (0.7156010230179028, 0.7743299504657362, 0.778035946227497)
Avg [0.7156010230179028, 0.7743299504657362, 0.778035946227497]

valid Epoch 6 (lr 0.000100)
loss: 0.5706 	
				 best epoch: 6     best AUC: 0.7743 	
start epoch : 7
train
1 (0.7154859218891917, 0.7832159909781748, 0.7881950594090034)
Avg [0.7154859218891917, 0.7832159909781748, 0.7881950594090034]

train Epoch 7 (lr 0.000100)
loss: 0.5575 	
Running time: 63.87348484992981
valid
1 (0.7082138200782269, 0.7711765388945253, 0.7743479207904798)
Avg [0.7082138200782269, 0.7711765388945253, 0.7743479207904798]

valid Epoch 7 (lr 0.000100)
loss: 0.5752 	
				 best epoch: 6     best AUC: 0.7743 	
start epoch : 8
train
1 (0.7220286923624377, 0.7889136604889299, 0.7926827450705598)
Avg [0.7220286923624377, 0.7889136604889299, 0.7926827450705598]

train Epoch 8 (lr 0.000100)
loss: 0.5524 	
Running time: 64.53640055656433
valid
1 (0.7210712481051036, 0.7732479822228728, 0.773448872826447)
Avg [0.7210712481051036, 0.7732479822228728, 0.773448872826447]

valid Epoch 8 (lr 0.000100)
loss: 0.5720 	
				 best epoch: 6     best AUC: 0.7743 	
start epoch : 9
train
1 (0.7169443252311654, 0.7956109660040285, 0.7993520504087415)
Avg [0.7169443252311654, 0.7956109660040285, 0.7993520504087415]

train Epoch 9 (lr 0.000100)
loss: 0.5443 	
Running time: 63.311278343200684
valid
1 (0.6950925181013676, 0.768239520971887, 0.7695810260028241)
Avg [0.6950925181013676, 0.768239520971887, 0.7695810260028241]

valid Epoch 9 (lr 0.000100)
loss: 0.5761 	
				 best epoch: 6     best AUC: 0.7743 	
start epoch : 10
train
1 (0.7292695059885967, 0.8055112804558316, 0.8095532987000191)
Avg [0.7292695059885967, 0.8055112804558316, 0.8095532987000191]

train Epoch 10 (lr 0.000100)
loss: 0.5338 	
Running time: 62.91317868232727
valid
1 (0.6952607889859677, 0.7617309993554293, 0.7624816579976541)
Avg [0.6952607889859677, 0.7617309993554293, 0.7624816579976541]

valid Epoch 10 (lr 0.000100)
loss: 0.5842 	
				 best epoch: 6     best AUC: 0.7743 	
start epoch : 11
train
1 (0.739803839890938, 0.8147869855328187, 0.8177275634900357)
Avg [0.739803839890938, 0.8147869855328187, 0.8177275634900357]

train Epoch 11 (lr 0.000100)
loss: 0.5235 	
Running time: 62.663695096969604
valid
1 (0.699759807846277, 0.7614114513444212, 0.7609966310332835)
Avg [0.699759807846277, 0.7614114513444212, 0.7609966310332835]

valid Epoch 11 (lr 0.000100)
loss: 0.5891 	
				 best epoch: 6     best AUC: 0.7743 	
start epoch : 12
train
1 (0.7519915827446265, 0.825234242844358, 0.829279454542528)
Avg [0.7519915827446265, 0.825234242844358, 0.829279454542528]

train Epoch 12 (lr 0.000100)
loss: 0.5110 	
Running time: 63.01278328895569
valid
1 (0.702038682697334, 0.7637667132398048, 0.7622602497060016)
Avg [0.702038682697334, 0.7637667132398048, 0.7622602497060016]

valid Epoch 12 (lr 0.000100)
loss: 0.5858 	
				 best epoch: 6     best AUC: 0.7743 	
start epoch : 13
train
1 (0.7576546233925291, 0.8362348946505336, 0.8384105794293455)
Avg [0.7576546233925291, 0.8362348946505336, 0.8384105794293455]

train Epoch 13 (lr 0.000100)
loss: 0.4974 	
Running time: 62.92449712753296
valid
1 (0.6961620469083155, 0.7595644696036077, 0.7567489822473673)
Avg [0.6961620469083155, 0.7595644696036077, 0.7567489822473673]

valid Epoch 13 (lr 0.000100)
loss: 0.5923 	
				 best epoch: 6     best AUC: 0.7743 	
start epoch : 14
train
1 (0.7765334124453015, 0.8479946084906924, 0.8518261121472919)
Avg [0.7765334124453015, 0.8479946084906924, 0.8518261121472919]

train Epoch 14 (lr 0.000100)
loss: 0.4824 	
Running time: 63.73753023147583
valid
1 (0.6949463210264467, 0.745588782337668, 0.7418488445202052)
Avg [0.6949463210264467, 0.745588782337668, 0.7418488445202052]

valid Epoch 14 (lr 0.000100)
loss: 0.6205 	
				 best epoch: 6     best AUC: 0.7743 	
start epoch : 15
train
1 (0.7871449925261584, 0.8608773271149959, 0.8624263775028694)
Avg [0.7871449925261584, 0.8608773271149959, 0.8624263775028694]

train Epoch 15 (lr 0.000100)
loss: 0.4630 	
Running time: 65.62280774116516
valid
1 (0.6698060941828254, 0.7388058067261831, 0.7420763221495532)
Avg [0.6698060941828254, 0.7388058067261831, 0.7420763221495532]

valid Epoch 15 (lr 0.000100)
loss: 0.6140 	
				 best epoch: 6     best AUC: 0.7743 	
start epoch : 16
train
1 (0.79372077996123, 0.8706127413058415, 0.872777854211887)
Avg [0.79372077996123, 0.8706127413058415, 0.872777854211887]

train Epoch 16 (lr 0.000100)
loss: 0.4483 	
Running time: 63.362364053726196
valid
1 (0.6985198649701376, 0.7494478504273271, 0.7442438973047454)
Avg [0.6985198649701376, 0.7494478504273271, 0.7442438973047454]

valid Epoch 16 (lr 0.000100)
loss: 0.6158 	
				 best epoch: 6     best AUC: 0.7743 	
start epoch : 17
train
1 (0.8105897226147096, 0.8832668839432297, 0.8850369591691123)
Avg [0.8105897226147096, 0.8832668839432297, 0.8850369591691123]

train Epoch 17 (lr 0.000100)
loss: 0.4278 	
Running time: 63.02489185333252
valid
1 (0.6747117189595065, 0.7358303220231395, 0.7366716243587283)
Avg [0.6747117189595065, 0.7358303220231395, 0.7366716243587283]

valid Epoch 17 (lr 0.000100)
loss: 0.6429 	
				 best epoch: 6     best AUC: 0.7743 	
start epoch : 18
train
1 (0.8234506858991041, 0.8962525524372426, 0.8983556404645957)
Avg [0.8234506858991041, 0.8962525524372426, 0.8983556404645957]

train Epoch 18 (lr 0.000100)
loss: 0.4067 	
Running time: 63.858381032943726
valid
1 (0.6759881688625975, 0.7354012805547977, 0.733250037105537)
Avg [0.6759881688625975, 0.7354012805547977, 0.733250037105537]

valid Epoch 18 (lr 0.000100)
loss: 0.6541 	
				 best epoch: 6     best AUC: 0.7743 	
start epoch : 19
train
1 (0.8322328931572629, 0.9050906779489645, 0.9065797145732063)
Avg [0.8322328931572629, 0.9050906779489645, 0.9065797145732063]

train Epoch 19 (lr 0.000100)
loss: 0.3893 	
Running time: 62.97114682197571
valid
1 (0.6852099491842739, 0.733873558684315, 0.7331763624919494)
Avg [0.6852099491842739, 0.733873558684315, 0.7331763624919494]

valid Epoch 19 (lr 0.000100)
loss: 0.6628 	
				 best epoch: 6     best AUC: 0.7743 	
start epoch : 20
train
1 (0.8436152817006095, 0.9151245015634412, 0.9160146506658686)
Avg [0.8436152817006095, 0.9151245015634412, 0.9160146506658686]

train Epoch 20 (lr 0.000100)
loss: 0.3697 	
Running time: 62.10452198982239
valid
1 (0.671443736730361, 0.7169014965162352, 0.7104949213192946)
Avg [0.671443736730361, 0.7169014965162352, 0.7104949213192946]

valid Epoch 20 (lr 0.000100)
loss: 0.6927 	
				 best epoch: 6     best AUC: 0.7743 	
start epoch : 21
train
1 (0.8529172520890335, 0.9231771324431585, 0.9236109207889719)
Avg [0.8529172520890335, 0.9231771324431585, 0.9236109207889719]

train Epoch 21 (lr 0.000100)
loss: 0.3515 	
Running time: 62.799708127975464
valid
1 (0.676056338028169, 0.7239096540669472, 0.716787257810627)
Avg [0.676056338028169, 0.7239096540669472, 0.716787257810627]

valid Epoch 21 (lr 0.000100)
loss: 0.7102 	
				 best epoch: 6     best AUC: 0.7743 	
start epoch : 22
train
1 (0.8626389918458117, 0.9321250209861836, 0.933458464308924)
Avg [0.8626389918458117, 0.9321250209861836, 0.933458464308924]

train Epoch 22 (lr 0.000100)
loss: 0.3317 	
Running time: 63.706740379333496
valid
1 (0.6710840180227935, 0.7240770638003969, 0.7128715039138697)
Avg [0.6710840180227935, 0.7240770638003969, 0.7128715039138697]

valid Epoch 22 (lr 0.000100)
loss: 0.7609 	
				 best epoch: 6     best AUC: 0.7743 	
start epoch : 23
train
1 (0.8697879924256489, 0.9383174735785711, 0.9396177819030513)
Avg [0.8697879924256489, 0.9383174735785711, 0.9396177819030513]

train Epoch 23 (lr 0.000100)
loss: 0.3161 	
Running time: 58.66397786140442
valid
1 (0.6594508975712777, 0.7016784482587226, 0.6926551377916652)
Avg [0.6594508975712777, 0.7016784482587226, 0.6926551377916652]

valid Epoch 23 (lr 0.000100)
loss: 0.7512 	
				 best epoch: 6     best AUC: 0.7743 	
start epoch : 24
train
1 (0.8793052693553135, 0.9467840201909425, 0.9478098496536387)
Avg [0.8793052693553135, 0.9467840201909425, 0.9478098496536387]

train Epoch 24 (lr 0.000100)
loss: 0.2945 	
Running time: 58.05234956741333
valid
1 (0.676923076923077, 0.7055092785620167, 0.6929762242756122)
Avg [0.676923076923077, 0.7055092785620167, 0.6929762242756122]

valid Epoch 24 (lr 0.000100)
loss: 0.7823 	
				 best epoch: 6     best AUC: 0.7743 	
best metric [0.7743299504657362, 6]
