Inputs:  3 ; use_unstructure:  0 ; value_embedding:  use_order  use_ve:  1
Use the last 24 collections data
Use the last 24 collections data
Use the last 24 collections data
start epoch : 0
train
1 (0.6189217335576384, 0.685785763866518, 0.7006247331708162)
Avg [0.6189217335576384, 0.685785763866518, 0.7006247331708162]

train Epoch 0 (lr 0.000100)
loss: 0.6331 	
Running time: 86.59407806396484
valid
1 (0.6688102893890675, 0.7271486434192848, 0.7354457065044852)
Avg [0.6688102893890675, 0.7271486434192848, 0.7354457065044852]

valid Epoch 0 (lr 0.000100)
loss: 0.6265 	
				 best epoch: 0     best AUC: 0.7271 	
start epoch : 1
train
1 (0.6537356887122792, 0.7220090161818172, 0.7317276075881254)
Avg [0.6537356887122792, 0.7220090161818172, 0.7317276075881254]

train Epoch 1 (lr 0.000100)
loss: 0.6107 	
Running time: 88.0357563495636
valid
1 (0.6990587636733655, 0.7453513544196602, 0.7581151586495711)
Avg [0.6990587636733655, 0.7453513544196602, 0.7581151586495711]

valid Epoch 1 (lr 0.000100)
loss: 0.5972 	
				 best epoch: 1     best AUC: 0.7454 	
start epoch : 2
train
1 (0.6675184884036086, 0.7318037765960198, 0.7412253717877143)
Avg [0.6675184884036086, 0.7318037765960198, 0.7412253717877143]

train Epoch 2 (lr 0.000100)
loss: 0.6031 	
Running time: 87.93741655349731
valid
1 (0.6844251155205219, 0.7496815325165314, 0.7592092963297388)
Avg [0.6844251155205219, 0.7496815325165314, 0.7592092963297388]

valid Epoch 2 (lr 0.000100)
loss: 0.5938 	
				 best epoch: 2     best AUC: 0.7497 	
start epoch : 3
train
1 (0.6766241744739672, 0.7389639744234267, 0.7477240938240373)
Avg [0.6766241744739672, 0.7389639744234267, 0.7477240938240373]

train Epoch 3 (lr 0.000100)
loss: 0.5994 	
Running time: 87.83461570739746
valid
1 (0.7005444646098004, 0.7548519288281001, 0.7649269883622697)
Avg [0.7005444646098004, 0.7548519288281001, 0.7649269883622697]

valid Epoch 3 (lr 0.000100)
loss: 0.5970 	
				 best epoch: 3     best AUC: 0.7549 	
start epoch : 4
train
1 (0.6783505154639176, 0.7415537429710981, 0.7504680147023998)
Avg [0.6783505154639176, 0.7415537429710981, 0.7504680147023998]

train Epoch 4 (lr 0.000100)
loss: 0.5960 	
Running time: 88.32655906677246
valid
1 (0.6849389416553595, 0.7539336244898831, 0.7627422101264504)
Avg [0.6849389416553595, 0.7539336244898831, 0.7627422101264504]

valid Epoch 4 (lr 0.000100)
loss: 0.5906 	
				 best epoch: 3     best AUC: 0.7549 	
start epoch : 5
train
1 (0.6779700383230751, 0.7444603000189522, 0.7524582559221169)
Avg [0.6779700383230751, 0.7444603000189522, 0.7524582559221169]

train Epoch 5 (lr 0.000100)
loss: 0.5945 	
Running time: 90.91830039024353
valid
1 (0.6932270916334662, 0.7558777096389107, 0.7659826415904827)
Avg [0.6932270916334662, 0.7558777096389107, 0.7659826415904827]

valid Epoch 5 (lr 0.000100)
loss: 0.5872 	
				 best epoch: 5     best AUC: 0.7559 	
start epoch : 6
train
1 (0.6811152674405152, 0.7489863261786711, 0.7581687163905324)
Avg [0.6811152674405152, 0.7489863261786711, 0.7581687163905324]

train Epoch 6 (lr 0.000100)
loss: 0.5918 	
Running time: 89.65223264694214
valid
1 (0.6881661656190216, 0.7581217492328974, 0.7667771531602715)
Avg [0.6881661656190216, 0.7581217492328974, 0.7667771531602715]

valid Epoch 6 (lr 0.000100)
loss: 0.5896 	
				 best epoch: 6     best AUC: 0.7581 	
start epoch : 7
train
1 (0.6912622821217483, 0.7518345657376626, 0.7596713760069305)
Avg [0.6912622821217483, 0.7518345657376626, 0.7596713760069305]

train Epoch 7 (lr 0.000100)
loss: 0.5893 	
Running time: 88.64656257629395
valid
1 (0.698404255319149, 0.7610086306777041, 0.7679814720909689)
Avg [0.698404255319149, 0.7610086306777041, 0.7679814720909689]

valid Epoch 7 (lr 0.000100)
loss: 0.5849 	
				 best epoch: 7     best AUC: 0.7610 	
start epoch : 8
train
1 (0.6922960610871702, 0.7543214167472803, 0.7608882044356833)
Avg [0.6922960610871702, 0.7543214167472803, 0.7608882044356833]

train Epoch 8 (lr 0.000100)
loss: 0.5868 	
Running time: 89.65501236915588
valid
1 (0.7042925278219396, 0.7618160008552015, 0.7680582161847538)
Avg [0.7042925278219396, 0.7618160008552015, 0.7680582161847538]

valid Epoch 8 (lr 0.000100)
loss: 0.5852 	
				 best epoch: 8     best AUC: 0.7618 	
start epoch : 9
train
1 (0.6932267913007425, 0.7571143809322709, 0.7637625611508528)
Avg [0.6932267913007425, 0.7571143809322709, 0.7637625611508528]

train Epoch 9 (lr 0.000100)
loss: 0.5844 	
Running time: 90.16670751571655
valid
1 (0.7044322056123787, 0.7624729615992037, 0.7706416322362907)
Avg [0.7044322056123787, 0.7624729615992037, 0.7706416322362907]

valid Epoch 9 (lr 0.000100)
loss: 0.5811 	
				 best epoch: 9     best AUC: 0.7625 	
start epoch : 10
train
1 (0.6856454870281187, 0.7576774984374992, 0.7647506770472731)
Avg [0.6856454870281187, 0.7576774984374992, 0.7647506770472731]

train Epoch 10 (lr 0.000100)
loss: 0.5839 	
Running time: 92.02325487136841
valid
1 (0.6988272921108742, 0.7606400987515728, 0.7680643949308862)
Avg [0.6988272921108742, 0.7606400987515728, 0.7680643949308862]

valid Epoch 10 (lr 0.000100)
loss: 0.5836 	
				 best epoch: 9     best AUC: 0.7625 	
start epoch : 11
train
1 (0.6956224350205198, 0.7611649201302295, 0.7689220188708706)
Avg [0.6956224350205198, 0.7611649201302295, 0.7689220188708706]

train Epoch 11 (lr 0.000100)
loss: 0.5817 	
Running time: 89.86084294319153
valid
1 (0.7104166666666667, 0.7643288757010103, 0.7714944983739112)
Avg [0.7104166666666667, 0.7643288757010103, 0.7714944983739112]

valid Epoch 11 (lr 0.000100)
loss: 0.5810 	
				 best epoch: 11     best AUC: 0.7643 	
start epoch : 12
train
1 (0.7004878048780487, 0.7617022369743401, 0.7686302264268847)
Avg [0.7004878048780487, 0.7617022369743401, 0.7686302264268847]

train Epoch 12 (lr 0.000100)
loss: 0.5801 	
Running time: 90.25968599319458
valid
1 (0.703360677427891, 0.7607029134192012, 0.7695968788658525)
Avg [0.703360677427891, 0.7607029134192012, 0.7695968788658525]

valid Epoch 12 (lr 0.000100)
loss: 0.5877 	
				 best epoch: 11     best AUC: 0.7643 	
start epoch : 13
train
1 (0.6983669912476793, 0.7642671512966288, 0.7713475827613474)
Avg [0.6983669912476793, 0.7642671512966288, 0.7713475827613474]

train Epoch 13 (lr 0.000100)
loss: 0.5785 	
Running time: 89.43951678276062
valid
1 (0.7029063509149623, 0.7670031093260476, 0.7734448083619311)
Avg [0.7029063509149623, 0.7670031093260476, 0.7734448083619311]

valid Epoch 13 (lr 0.000100)
loss: 0.5770 	
				 best epoch: 13     best AUC: 0.7670 	
start epoch : 14
train
1 (0.6981508680751705, 0.7637095095981516, 0.770817681803714)
Avg [0.6981508680751705, 0.7637095095981516, 0.770817681803714]

train Epoch 14 (lr 0.000100)
loss: 0.5782 	
Running time: 88.08654737472534
valid
1 (0.7045881405956533, 0.7683867608579332, 0.774796783931162)
Avg [0.7045881405956533, 0.7683867608579332, 0.774796783931162]

valid Epoch 14 (lr 0.000100)
loss: 0.5780 	
				 best epoch: 14     best AUC: 0.7684 	
start epoch : 15
train
1 (0.6935222983902025, 0.7663919876984517, 0.772948359546953)
Avg [0.6935222983902025, 0.7663919876984517, 0.772948359546953]

train Epoch 15 (lr 0.000100)
loss: 0.5754 	
Running time: 89.68640112876892
valid
1 (0.7073487405868606, 0.7608262376290402, 0.7673016256135601)
Avg [0.7073487405868606, 0.7608262376290402, 0.7673016256135601]

valid Epoch 15 (lr 0.000100)
loss: 0.5831 	
				 best epoch: 14     best AUC: 0.7684 	
start epoch : 16
train
1 (0.7042136945071482, 0.7673626251470209, 0.7732555445986797)
Avg [0.7042136945071482, 0.7673626251470209, 0.7732555445986797]

train Epoch 16 (lr 0.000100)
loss: 0.5750 	
Running time: 88.27525591850281
valid
1 (0.7067787703625854, 0.7663677591328348, 0.7722557951643796)
Avg [0.7067787703625854, 0.7663677591328348, 0.7722557951643796]

valid Epoch 16 (lr 0.000100)
loss: 0.5790 	
				 best epoch: 14     best AUC: 0.7684 	
start epoch : 17
train
1 (0.700602915362894, 0.7692038159348269, 0.7756235516211225)
Avg [0.700602915362894, 0.7692038159348269, 0.7756235516211225]

train Epoch 17 (lr 0.000100)
loss: 0.5734 	
Running time: 87.63921809196472
valid
1 (0.7121290994273816, 0.7664562183207335, 0.7716796911244567)
Avg [0.7121290994273816, 0.7664562183207335, 0.7716796911244567]

valid Epoch 17 (lr 0.000100)
loss: 0.5781 	
				 best epoch: 14     best AUC: 0.7684 	
start epoch : 18
train
1 (0.7068607068607069, 0.7713900354543056, 0.7765674241572637)
Avg [0.7068607068607069, 0.7713900354543056, 0.7765674241572637]

train Epoch 18 (lr 0.000100)
loss: 0.5715 	
Running time: 90.39320969581604
valid
1 (0.7037135987176062, 0.7671261453952094, 0.7739250452029716)
Avg [0.7037135987176062, 0.7671261453952094, 0.7739250452029716]

valid Epoch 18 (lr 0.000100)
loss: 0.5770 	
				 best epoch: 14     best AUC: 0.7684 	
start epoch : 19
train
1 (0.7147226828818869, 0.7722314520934218, 0.7780155549763892)
Avg [0.7147226828818869, 0.7722314520934218, 0.7780155549763892]

train Epoch 19 (lr 0.000100)
loss: 0.5715 	
Running time: 88.256995677948
valid
1 (0.7039315324953196, 0.7695888837631863, 0.774171916908439)
Avg [0.7039315324953196, 0.7695888837631863, 0.774171916908439]

valid Epoch 19 (lr 0.000100)
loss: 0.5749 	
				 best epoch: 19     best AUC: 0.7696 	
start epoch : 20
train
1 (0.7037598544572469, 0.7735278221537915, 0.7796957072418418)
Avg [0.7037598544572469, 0.7735278221537915, 0.7796957072418418]

train Epoch 20 (lr 0.000100)
loss: 0.5689 	
Running time: 91.23677229881287
valid
1 (0.7151041666666667, 0.7671200944409884, 0.7712535023720952)
Avg [0.7151041666666667, 0.7671200944409884, 0.7712535023720952]

valid Epoch 20 (lr 0.000100)
loss: 0.5764 	
				 best epoch: 19     best AUC: 0.7696 	
start epoch : 21
train
1 (0.7046421589297351, 0.774921401745392, 0.7808108277145622)
Avg [0.7046421589297351, 0.774921401745392, 0.7808108277145622]

train Epoch 21 (lr 0.000100)
loss: 0.5680 	
Running time: 89.11995553970337
valid
1 (0.7004059539918809, 0.7678430394000682, 0.7725987330030917)
Avg [0.7004059539918809, 0.7678430394000682, 0.7725987330030917]

valid Epoch 21 (lr 0.000100)
loss: 0.5756 	
				 best epoch: 19     best AUC: 0.7696 	
start epoch : 22
train
1 (0.7059361775134393, 0.7773475221489476, 0.7821378962038901)
Avg [0.7059361775134393, 0.7773475221489476, 0.7821378962038901]

train Epoch 22 (lr 0.000100)
loss: 0.5656 	
Running time: 90.00916075706482
valid
1 (0.7129436325678496, 0.7705870030689863, 0.7726640087761969)
Avg [0.7129436325678496, 0.7705870030689863, 0.7726640087761969]

valid Epoch 22 (lr 0.000100)
loss: 0.5775 	
				 best epoch: 22     best AUC: 0.7706 	
start epoch : 23
train
1 (0.7079781924287798, 0.7782318899228226, 0.7835968863892715)
Avg [0.7079781924287798, 0.7782318899228226, 0.7835968863892715]

train Epoch 23 (lr 0.000100)
loss: 0.5654 	
Running time: 88.85760760307312
valid
1 (0.7141361256544503, 0.7673598274844138, 0.772630420125527)
Avg [0.7141361256544503, 0.7673598274844138, 0.772630420125527]

valid Epoch 23 (lr 0.000100)
loss: 0.5768 	
				 best epoch: 22     best AUC: 0.7706 	
start epoch : 24
train
1 (0.7144403388944873, 0.779048681597386, 0.7859198519523343)
Avg [0.7144403388944873, 0.779048681597386, 0.7859198519523343]

train Epoch 24 (lr 0.000100)
loss: 0.5636 	
Running time: 88.57588529586792
valid
1 (0.7026022304832714, 0.7672929788473049, 0.7683458104655113)
Avg [0.7026022304832714, 0.7672929788473049, 0.7683458104655113]

valid Epoch 24 (lr 0.000100)
loss: 0.5764 	
				 best epoch: 22     best AUC: 0.7706 	
best metric [0.7705870030689863, 22]
