Inputs:  3 ; use_unstructure:  0 ; value_embedding:  use_order  use_ve:  1
Use the last 24 collections data
Use the last 24 collections data
Use the last 24 collections data
start epoch : 0
train
1 (0.1315537084398977, 0.5894853750724546, 0.07872093170688547)
Avg [0.1315537084398977, 0.5894853750724546, 0.07872093170688547]

train Epoch 0 (lr 0.000100)
loss: 0.6726 	
Running time: 60.731223583221436
valid
1 (0.14285714285714285, 0.612929147945801, 0.09831289761911914)
Avg [0.14285714285714285, 0.612929147945801, 0.09831289761911914]

valid Epoch 0 (lr 0.000100)
loss: 0.6599 	
				 best epoch: 0     best AUC: 0.6129 	
start epoch : 1
train
1 (0.1478456538044837, 0.6388373611843365, 0.10037776758809419)
Avg [0.1478456538044837, 0.6388373611843365, 0.10037776758809419]

train Epoch 1 (lr 0.000100)
loss: 0.6509 	
Running time: 52.62576413154602
valid
1 (0.14563646470261257, 0.6145009425713751, 0.09322634495711515)
Avg [0.14563646470261257, 0.6145009425713751, 0.09322634495711515]

valid Epoch 1 (lr 0.000100)
loss: 0.6750 	
				 best epoch: 1     best AUC: 0.6145 	
start epoch : 2
train
1 (0.15015015015015015, 0.6559877725009874, 0.11020071303898539)
Avg [0.15015015015015015, 0.6559877725009874, 0.11020071303898539]

train Epoch 2 (lr 0.000100)
loss: 0.6461 	
Running time: 53.18264174461365
valid
1 (0.16032295271049596, 0.6429676089011084, 0.10338217225098581)
Avg [0.16032295271049596, 0.6429676089011084, 0.10338217225098581]

valid Epoch 2 (lr 0.000100)
loss: 0.6526 	
				 best epoch: 2     best AUC: 0.6430 	
start epoch : 3
train
1 (0.14976142835154688, 0.6605245788585392, 0.10398093986646709)
Avg [0.14976142835154688, 0.6605245788585392, 0.10398093986646709]

train Epoch 3 (lr 0.000100)
loss: 0.6464 	
Running time: 56.434067249298096
valid
1 (0.14906219151036526, 0.6299333377134685, 0.10009375138705896)
Avg [0.14906219151036526, 0.6299333377134685, 0.10009375138705896]

valid Epoch 3 (lr 0.000100)
loss: 0.6538 	
				 best epoch: 2     best AUC: 0.6430 	
start epoch : 4
train
1 (0.1589207863782183, 0.6738949285179318, 0.11979311666863805)
Avg [0.1589207863782183, 0.6738949285179318, 0.11979311666863805]

train Epoch 4 (lr 0.000100)
loss: 0.6387 	
Running time: 52.587148904800415
valid
1 (0.15865384615384615, 0.634829402162102, 0.10743128551582187)
Avg [0.15865384615384615, 0.634829402162102, 0.10743128551582187]

valid Epoch 4 (lr 0.000100)
loss: 0.6608 	
				 best epoch: 2     best AUC: 0.6430 	
start epoch : 5
train
1 (0.16448783716697005, 0.6875099932138374, 0.1230704826296035)
Avg [0.16448783716697005, 0.6875099932138374, 0.1230704826296035]

train Epoch 5 (lr 0.000100)
loss: 0.6263 	
Running time: 53.53916335105896
valid
1 (0.16112531969309463, 0.6346550390927055, 0.10699384747453528)
Avg [0.16112531969309463, 0.6346550390927055, 0.10699384747453528]

valid Epoch 5 (lr 0.000100)
loss: 0.6569 	
				 best epoch: 2     best AUC: 0.6430 	
start epoch : 6
train
1 (0.1727346643779926, 0.7013995595894504, 0.13220687929206532)
Avg [0.1727346643779926, 0.7013995595894504, 0.13220687929206532]

train Epoch 6 (lr 0.000100)
loss: 0.6147 	
Running time: 49.10932207107544
valid
1 (0.1474460242232754, 0.6361497601876045, 0.11149893527870094)
Avg [0.1474460242232754, 0.6361497601876045, 0.11149893527870094]

valid Epoch 6 (lr 0.000100)
loss: 0.6500 	
				 best epoch: 2     best AUC: 0.6430 	
start epoch : 7
train
1 (0.1769273433166944, 0.7073997099436804, 0.1359213330842473)
Avg [0.1769273433166944, 0.7073997099436804, 0.1359213330842473]

train Epoch 7 (lr 0.000100)
loss: 0.6117 	
Running time: 47.864386558532715
valid
1 (0.15615305067218202, 0.6410559326402612, 0.10785227192483886)
Avg [0.15615305067218202, 0.6410559326402612, 0.10785227192483886]

valid Epoch 7 (lr 0.000100)
loss: 0.6525 	
				 best epoch: 2     best AUC: 0.6430 	
start epoch : 8
train
1 (0.17524841915085818, 0.7120334595275899, 0.14035777826922258)
Avg [0.17524841915085818, 0.7120334595275899, 0.14035777826922258]

train Epoch 8 (lr 0.000100)
loss: 0.6150 	
Running time: 51.29973316192627
valid
1 (0.15321154979375368, 0.6351730742988836, 0.11002026121603424)
Avg [0.15321154979375368, 0.6351730742988836, 0.11002026121603424]

valid Epoch 8 (lr 0.000100)
loss: 0.6547 	
				 best epoch: 2     best AUC: 0.6430 	
start epoch : 9
train
1 (0.18037946227857207, 0.7222000097667398, 0.14607488008659608)
Avg [0.18037946227857207, 0.7222000097667398, 0.14607488008659608]

train Epoch 9 (lr 0.000100)
loss: 0.6018 	
Running time: 47.60201072692871
valid
1 (0.1575091575091575, 0.6286508847030521, 0.10063030728870004)
Avg [0.1575091575091575, 0.6286508847030521, 0.10063030728870004]

valid Epoch 9 (lr 0.000100)
loss: 0.6733 	
				 best epoch: 2     best AUC: 0.6430 	
start epoch : 10
train
1 (0.1870375323170188, 0.7383960734317817, 0.1572078774681661)
Avg [0.1870375323170188, 0.7383960734317817, 0.1572078774681661]

train Epoch 10 (lr 0.000100)
loss: 0.5908 	
Running time: 50.53962779045105
valid
1 (0.15746180963572268, 0.6366602143907654, 0.10844105775773305)
Avg [0.15746180963572268, 0.6366602143907654, 0.10844105775773305]

valid Epoch 10 (lr 0.000100)
loss: 0.6642 	
				 best epoch: 2     best AUC: 0.6430 	
start epoch : 11
train
1 (0.19587823785214598, 0.7524556149639678, 0.1676571710646604)
Avg [0.19587823785214598, 0.7524556149639678, 0.1676571710646604]

train Epoch 11 (lr 0.000100)
loss: 0.5790 	
Running time: 51.229246377944946
valid
1 (0.14962010520163646, 0.632059809059804, 0.11281441893952543)
Avg [0.14962010520163646, 0.632059809059804, 0.11281441893952543]

valid Epoch 11 (lr 0.000100)
loss: 0.6652 	
				 best epoch: 2     best AUC: 0.6430 	
start epoch : 12
train
1 (0.20649024531581997, 0.7706415083759358, 0.18549630338439932)
Avg [0.20649024531581997, 0.7706415083759358, 0.18549630338439932]

train Epoch 12 (lr 0.000100)
loss: 0.5679 	
Running time: 55.765833377838135
valid
1 (0.15531660692951016, 0.6268238629758975, 0.09694847873902077)
Avg [0.15531660692951016, 0.6268238629758975, 0.09694847873902077]

valid Epoch 12 (lr 0.000100)
loss: 0.6620 	
				 best epoch: 2     best AUC: 0.6430 	
start epoch : 13
train
1 (0.20984726306802012, 0.7837984189741682, 0.19716682648483339)
Avg [0.20984726306802012, 0.7837984189741682, 0.19716682648483339]

train Epoch 13 (lr 0.000100)
loss: 0.5449 	
Running time: 47.62946796417236
valid
1 (0.15207131620346093, 0.6241515594123206, 0.09721052841276534)
Avg [0.15207131620346093, 0.6241515594123206, 0.09721052841276534]

valid Epoch 13 (lr 0.000100)
loss: 0.6829 	
				 best epoch: 2     best AUC: 0.6430 	
start epoch : 14
train
1 (0.22558956347215253, 0.8077264666867958, 0.2143662208668463)
Avg [0.22558956347215253, 0.8077264666867958, 0.2143662208668463]

train Epoch 14 (lr 0.000100)
loss: 0.5283 	
Running time: 48.08207678794861
valid
1 (0.15306122448979592, 0.6316529618978789, 0.11981601225503026)
Avg [0.15306122448979592, 0.6316529618978789, 0.11981601225503026]

valid Epoch 14 (lr 0.000100)
loss: 0.6875 	
				 best epoch: 2     best AUC: 0.6430 	
start epoch : 15
train
1 (0.23974438260152545, 0.8227016468980367, 0.2377051076140754)
Avg [0.23974438260152545, 0.8227016468980367, 0.2377051076140754]

train Epoch 15 (lr 0.000100)
loss: 0.5125 	
Running time: 50.75485110282898
valid
1 (0.14720812182741116, 0.6119082395394793, 0.1031166704902097)
Avg [0.14720812182741116, 0.6119082395394793, 0.1031166704902097]

valid Epoch 15 (lr 0.000100)
loss: 0.7469 	
				 best epoch: 2     best AUC: 0.6430 	
start epoch : 16
train
1 (0.2445206190921367, 0.8362072935027979, 0.26992514939981355)
Avg [0.2445206190921367, 0.8362072935027979, 0.26992514939981355]

train Epoch 16 (lr 0.000100)
loss: 0.4852 	
Running time: 47.686179637908936
valid
1 (0.1419158641662443, 0.6001223068486781, 0.09572335545402122)
Avg [0.1419158641662443, 0.6001223068486781, 0.09572335545402122]

valid Epoch 16 (lr 0.000100)
loss: 0.7532 	
				 best epoch: 2     best AUC: 0.6430 	
start epoch : 17
train
1 (0.24859775641025642, 0.8559692555932551, 0.3124475068516849)
Avg [0.24859775641025642, 0.8559692555932551, 0.3124475068516849]

train Epoch 17 (lr 0.000100)
loss: 0.4697 	
Running time: 50.898337841033936
valid
1 (0.14895057549085985, 0.6012455587957324, 0.09411590179623408)
Avg [0.14895057549085985, 0.6012455587957324, 0.09411590179623408]

valid Epoch 17 (lr 0.000100)
loss: 0.8109 	
				 best epoch: 2     best AUC: 0.6430 	
start epoch : 18
train
1 (0.2773626373626374, 0.8790264129096077, 0.3525823446420612)
Avg [0.2773626373626374, 0.8790264129096077, 0.3525823446420612]

train Epoch 18 (lr 0.000100)
loss: 0.4301 	
Running time: 51.00929284095764
valid
1 (0.14170506912442396, 0.5930618660386227, 0.10192170394604103)
Avg [0.14170506912442396, 0.5930618660386227, 0.10192170394604103]

valid Epoch 18 (lr 0.000100)
loss: 0.7676 	
				 best epoch: 2     best AUC: 0.6430 	
start epoch : 19
train
1 (0.2887072637274088, 0.8890737482579938, 0.3878715954997802)
Avg [0.2887072637274088, 0.8890737482579938, 0.3878715954997802]

train Epoch 19 (lr 0.000100)
loss: 0.4152 	
Running time: 51.191901445388794
valid
1 (0.14243672748675693, 0.5954094499729611, 0.09129702236053731)
Avg [0.14243672748675693, 0.5954094499729611, 0.09129702236053731]

valid Epoch 19 (lr 0.000100)
loss: 0.8331 	
				 best epoch: 2     best AUC: 0.6430 	
start epoch : 20
train
1 (0.32546134985159375, 0.9055041152980291, 0.43198664582562507)
Avg [0.32546134985159375, 0.9055041152980291, 0.43198664582562507]

train Epoch 20 (lr 0.000100)
loss: 0.3852 	
Running time: 56.36780047416687
valid
1 (0.13499716392512762, 0.5770027746471044, 0.09659085872887771)
Avg [0.13499716392512762, 0.5770027746471044, 0.09659085872887771]

valid Epoch 20 (lr 0.000100)
loss: 0.8703 	
				 best epoch: 2     best AUC: 0.6430 	
start epoch : 21
train
1 (0.3477085304853319, 0.9185716249758872, 0.463929661032774)
Avg [0.3477085304853319, 0.9185716249758872, 0.463929661032774]

train Epoch 21 (lr 0.000100)
loss: 0.3614 	
Running time: 50.90416240692139
valid
1 (0.14267990074441686, 0.5892852630355346, 0.09226829575299146)
Avg [0.14267990074441686, 0.5892852630355346, 0.09226829575299146]

valid Epoch 21 (lr 0.000100)
loss: 0.8401 	
				 best epoch: 2     best AUC: 0.6430 	
start epoch : 22
train
1 (0.3496852046169989, 0.9283902453607783, 0.51600452228702)
Avg [0.3496852046169989, 0.9283902453607783, 0.51600452228702]

train Epoch 22 (lr 0.000100)
loss: 0.3368 	
Running time: 51.49291777610779
valid
1 (0.13325804630152457, 0.5665763684973947, 0.08508099607986024)
Avg [0.13325804630152457, 0.5665763684973947, 0.08508099607986024]

valid Epoch 22 (lr 0.000100)
loss: 0.9957 	
				 best epoch: 2     best AUC: 0.6430 	
start epoch : 23
train
1 (0.39993651801301383, 0.9338600978209759, 0.5322125774123764)
Avg [0.39993651801301383, 0.9338600978209759, 0.5322125774123764]

train Epoch 23 (lr 0.000100)
loss: 0.3311 	
Running time: 51.609543800354004
valid
1 (0.1347393087287639, 0.5758972117070903, 0.0836191031153151)
Avg [0.1347393087287639, 0.5758972117070903, 0.0836191031153151]

valid Epoch 23 (lr 0.000100)
loss: 0.9606 	
				 best epoch: 2     best AUC: 0.6430 	
start epoch : 24
train
1 (0.3666942376619796, 0.9375812693717367, 0.557669531200063)
Avg [0.3666942376619796, 0.9375812693717367, 0.557669531200063]

train Epoch 24 (lr 0.000100)
loss: 0.3141 	
Running time: 49.46645784378052
valid
1 (0.1436330718165359, 0.5882049701055782, 0.08923121672303774)
Avg [0.1436330718165359, 0.5882049701055782, 0.08923121672303774]

valid Epoch 24 (lr 0.000100)
loss: 1.1711 	
				 best epoch: 2     best AUC: 0.6430 	
best metric [0.6429676089011084, 2]
