Use the last 24 collections data
Use the last 24 collections data
Use the last 24 collections data
start epoch : 0
train
1 (0.12860211867545743, 0.5915532786171827, 0.08018022765131078)
Avg [0.12860211867545743, 0.5915532786171827, 0.08018022765131078]

train Epoch 0 (lr 0.000100)
loss: 0.6682 	
Running time: 90.24462103843689
valid
1 (0.15109749872383868, 0.6237636647579387, 0.1015700321573004)
Avg [0.15109749872383868, 0.6237636647579387, 0.1015700321573004]

valid Epoch 0 (lr 0.000100)
loss: 0.6615 	
				 best epoch: 0     best AUC: 0.6238 	
start epoch : 1
train
1 (0.1381915479656882, 0.6188992070003094, 0.0884389687214054)
Avg [0.1381915479656882, 0.6188992070003094, 0.0884389687214054]

train Epoch 1 (lr 0.000100)
loss: 0.6641 	
Running time: 91.83894944190979
valid
1 (0.1509433962264151, 0.6262894022631821, 0.10279739803707375)
Avg [0.1509433962264151, 0.6262894022631821, 0.10279739803707375]

valid Epoch 1 (lr 0.000100)
loss: 0.6599 	
				 best epoch: 1     best AUC: 0.6263 	
start epoch : 2
train
1 (0.13923216345361675, 0.6223349733203223, 0.09051978673834182)
Avg [0.13923216345361675, 0.6223349733203223, 0.09051978673834182]

train Epoch 2 (lr 0.000100)
loss: 0.6601 	
Running time: 92.626718044281
valid
1 (0.15795868772782504, 0.6328539191258598, 0.10852882689757665)
Avg [0.15795868772782504, 0.6328539191258598, 0.10852882689757665]

valid Epoch 2 (lr 0.000100)
loss: 0.6537 	
				 best epoch: 2     best AUC: 0.6329 	
start epoch : 3
train
1 (0.14869888475836432, 0.6474335404652778, 0.10384799612682152)
Avg [0.14869888475836432, 0.6474335404652778, 0.10384799612682152]

train Epoch 3 (lr 0.000100)
loss: 0.6491 	
Running time: 93.07632541656494
valid
1 (0.16636528028933092, 0.6533662180397548, 0.11102192606420389)
Avg [0.16636528028933092, 0.6533662180397548, 0.11102192606420389]

valid Epoch 3 (lr 0.000100)
loss: 0.6443 	
				 best epoch: 3     best AUC: 0.6534 	
start epoch : 4
train
1 (0.15115532734274711, 0.6583898329933967, 0.10516509011064441)
Avg [0.15115532734274711, 0.6583898329933967, 0.10516509011064441]

train Epoch 4 (lr 0.000100)
loss: 0.6430 	
Running time: 91.72027587890625
valid
1 (0.16503173687247547, 0.6565597155607668, 0.12202782617119352)
Avg [0.16503173687247547, 0.6565597155607668, 0.12202782617119352]

valid Epoch 4 (lr 0.000100)
loss: 0.6406 	
				 best epoch: 4     best AUC: 0.6566 	
start epoch : 5
train
1 (0.15707685846283073, 0.6702111542343366, 0.11508897401909374)
Avg [0.15707685846283073, 0.6702111542343366, 0.11508897401909374]

train Epoch 5 (lr 0.000100)
loss: 0.6422 	
Running time: 91.75525569915771
valid
1 (0.16084303937881309, 0.6561699256556304, 0.12228390268270464)
Avg [0.16084303937881309, 0.6561699256556304, 0.12228390268270464]

valid Epoch 5 (lr 0.000100)
loss: 0.6484 	
				 best epoch: 4     best AUC: 0.6566 	
start epoch : 6
train
1 (0.1577565025840888, 0.6710855698388432, 0.11703884046989263)
Avg [0.1577565025840888, 0.6710855698388432, 0.11703884046989263]

train Epoch 6 (lr 0.000100)
loss: 0.6345 	
Running time: 93.54376673698425
valid
1 (0.16711301553294056, 0.6644294284429126, 0.12733955327978091)
Avg [0.16711301553294056, 0.6644294284429126, 0.12733955327978091]

valid Epoch 6 (lr 0.000100)
loss: 0.6387 	
				 best epoch: 6     best AUC: 0.6644 	
start epoch : 7
train
1 (0.16366723259762309, 0.6816057476525325, 0.11674297200491932)
Avg [0.16366723259762309, 0.6816057476525325, 0.11674297200491932]

train Epoch 7 (lr 0.000100)
loss: 0.6325 	
Running time: 94.28027606010437
valid
1 (0.16102564102564101, 0.6562090941712195, 0.1213575603459659)
Avg [0.16102564102564101, 0.6562090941712195, 0.1213575603459659]

valid Epoch 7 (lr 0.000100)
loss: 0.6444 	
				 best epoch: 6     best AUC: 0.6644 	
start epoch : 8
train
1 (0.16077441077441076, 0.6798825493529835, 0.12457576789543637)
Avg [0.16077441077441076, 0.6798825493529835, 0.12457576789543637]

train Epoch 8 (lr 0.000100)
loss: 0.6308 	
Running time: 92.92666125297546
valid
1 (0.1636469900642899, 0.6571781990569233, 0.12374768456853989)
Avg [0.1636469900642899, 0.6571781990569233, 0.12374768456853989]

valid Epoch 8 (lr 0.000100)
loss: 0.6467 	
				 best epoch: 6     best AUC: 0.6644 	
start epoch : 9
train
1 (0.1688888888888889, 0.689685524918399, 0.13386417700948036)
Avg [0.1688888888888889, 0.689685524918399, 0.13386417700948036]

train Epoch 9 (lr 0.000100)
loss: 0.6243 	
Running time: 94.09863877296448
valid
1 (0.15948021264028353, 0.6517881059116661, 0.12035411119373696)
Avg [0.15948021264028353, 0.6517881059116661, 0.12035411119373696]

valid Epoch 9 (lr 0.000100)
loss: 0.6458 	
				 best epoch: 6     best AUC: 0.6644 	
start epoch : 10
train
1 (0.16941713483146068, 0.6951688633496206, 0.12926061352654827)
Avg [0.16941713483146068, 0.6951688633496206, 0.12926061352654827]

train Epoch 10 (lr 0.000100)
loss: 0.6219 	
Running time: 94.72232484817505
valid
1 (0.15426105717367852, 0.6450789182414094, 0.12221581565167208)
Avg [0.15426105717367852, 0.6450789182414094, 0.12221581565167208]

valid Epoch 10 (lr 0.000100)
loss: 0.6497 	
				 best epoch: 6     best AUC: 0.6644 	
start epoch : 11
train
1 (0.173462900735628, 0.6953170997221017, 0.13196172358185215)
Avg [0.173462900735628, 0.6953170997221017, 0.13196172358185215]

train Epoch 11 (lr 0.000100)
loss: 0.6237 	
Running time: 92.09597611427307
valid
1 (0.15974842767295597, 0.6563821937401131, 0.12868728192267284)
Avg [0.15974842767295597, 0.6563821937401131, 0.12868728192267284]

valid Epoch 11 (lr 0.000100)
loss: 0.6448 	
				 best epoch: 6     best AUC: 0.6644 	
start epoch : 12
train
1 (0.17080471914069378, 0.6989195619352169, 0.13156543963823092)
Avg [0.17080471914069378, 0.6989195619352169, 0.13156543963823092]

train Epoch 12 (lr 0.000100)
loss: 0.6253 	
Running time: 93.76167511940002
valid
1 (0.16367265469061876, 0.6476665672712938, 0.12240937601213663)
Avg [0.16367265469061876, 0.6476665672712938, 0.12240937601213663]

valid Epoch 12 (lr 0.000100)
loss: 0.6397 	
				 best epoch: 6     best AUC: 0.6644 	
start epoch : 13
train
1 (0.17342063351619183, 0.7053335006850792, 0.1351719500738129)
Avg [0.17342063351619183, 0.7053335006850792, 0.1351719500738129]

train Epoch 13 (lr 0.000100)
loss: 0.6231 	
Running time: 92.18060970306396
valid
1 (0.1671677690920024, 0.6605403738950688, 0.1327947780747513)
Avg [0.1671677690920024, 0.6605403738950688, 0.1327947780747513]

valid Epoch 13 (lr 0.000100)
loss: 0.6351 	
				 best epoch: 6     best AUC: 0.6644 	
start epoch : 14
train
1 (0.17378891961816398, 0.7041458880919094, 0.13881317114920166)
Avg [0.17378891961816398, 0.7041458880919094, 0.13881317114920166]

train Epoch 14 (lr 0.000100)
loss: 0.6149 	
Running time: 94.26780533790588
valid
1 (0.16141957641671437, 0.6560890616234465, 0.1325654277261719)
Avg [0.16141957641671437, 0.6560890616234465, 0.1325654277261719]

valid Epoch 14 (lr 0.000100)
loss: 0.6466 	
				 best epoch: 6     best AUC: 0.6644 	
start epoch : 15
train
1 (0.17289202756742958, 0.7097906209402889, 0.1417660428540665)
Avg [0.17289202756742958, 0.7097906209402889, 0.1417660428540665]

train Epoch 15 (lr 0.000100)
loss: 0.6091 	
Running time: 94.75395798683167
valid
1 (0.1565217391304348, 0.6452254842997427, 0.1285073479664284)
Avg [0.1565217391304348, 0.6452254842997427, 0.1285073479664284]

valid Epoch 15 (lr 0.000100)
loss: 0.6471 	
				 best epoch: 6     best AUC: 0.6644 	
start epoch : 16
train
1 (0.17729421207526977, 0.7138069125398298, 0.1450918154980784)
Avg [0.17729421207526977, 0.7138069125398298, 0.1450918154980784]

train Epoch 16 (lr 0.000100)
loss: 0.6082 	
Running time: 97.32802224159241
valid
1 (0.15564598168870802, 0.6518411729327869, 0.12923241482871609)
Avg [0.15564598168870802, 0.6518411729327869, 0.12923241482871609]

valid Epoch 16 (lr 0.000100)
loss: 0.6479 	
				 best epoch: 6     best AUC: 0.6644 	
start epoch : 17
train
1 (0.17784516589368535, 0.7175454505233881, 0.14985618992752942)
Avg [0.17784516589368535, 0.7175454505233881, 0.14985618992752942]

train Epoch 17 (lr 0.000100)
loss: 0.6048 	
Running time: 96.44241452217102
valid
1 (0.16130851663846588, 0.653961326776608, 0.12897009060961884)
Avg [0.16130851663846588, 0.653961326776608, 0.12897009060961884]

valid Epoch 17 (lr 0.000100)
loss: 0.6454 	
				 best epoch: 6     best AUC: 0.6644 	
start epoch : 18
train
1 (0.17917899408284024, 0.7148191391916993, 0.14727940581550214)
Avg [0.17917899408284024, 0.7148191391916993, 0.14727940581550214]

train Epoch 18 (lr 0.000100)
loss: 0.6136 	
Running time: 95.82639670372009
valid
1 (0.1514360313315927, 0.6445848895447861, 0.12600586464252278)
Avg [0.1514360313315927, 0.6445848895447861, 0.12600586464252278]

valid Epoch 18 (lr 0.000100)
loss: 0.6483 	
				 best epoch: 6     best AUC: 0.6644 	
start epoch : 19
train
1 (0.18094894461482952, 0.7225927562217671, 0.14941381031113696)
Avg [0.18094894461482952, 0.7225927562217671, 0.14941381031113696]

train Epoch 19 (lr 0.000100)
loss: 0.6047 	
Running time: 96.61536240577698
valid
1 (0.15376401494927924, 0.6446518550714383, 0.12271083894432801)
Avg [0.15376401494927924, 0.6446518550714383, 0.12271083894432801]

valid Epoch 19 (lr 0.000100)
loss: 0.6482 	
				 best epoch: 6     best AUC: 0.6644 	
start epoch : 20
train
1 (0.17641674294749105, 0.7261493634006815, 0.15260824997152692)
Avg [0.17641674294749105, 0.7261493634006815, 0.15260824997152692]

train Epoch 20 (lr 0.000100)
loss: 0.6067 	
Running time: 95.2188069820404
valid
1 (0.15423642820903094, 0.6475149472109492, 0.12560801596345528)
Avg [0.15423642820903094, 0.6475149472109492, 0.12560801596345528]

valid Epoch 20 (lr 0.000100)
loss: 0.6494 	
				 best epoch: 6     best AUC: 0.6644 	
start epoch : 21
train
1 (0.1803586678052946, 0.7315098934149192, 0.15993090046284314)
Avg [0.1803586678052946, 0.7315098934149192, 0.15993090046284314]

train Epoch 21 (lr 0.000100)
loss: 0.6003 	
Running time: 93.01250624656677
valid
1 (0.15112037519541427, 0.635098527769214, 0.12134443783199543)
Avg [0.15112037519541427, 0.635098527769214, 0.12134443783199543]

valid Epoch 21 (lr 0.000100)
loss: 0.6556 	
				 best epoch: 6     best AUC: 0.6644 	
start epoch : 22
train
1 (0.1906058543226685, 0.7339030179143704, 0.15693503425196031)
Avg [0.1906058543226685, 0.7339030179143704, 0.15693503425196031]

train Epoch 22 (lr 0.000100)
loss: 0.5964 	
Running time: 93.70087575912476
valid
1 (0.15212765957446808, 0.6442740684210793, 0.12181120171194934)
Avg [0.15212765957446808, 0.6442740684210793, 0.12181120171194934]

valid Epoch 22 (lr 0.000100)
loss: 0.6502 	
				 best epoch: 6     best AUC: 0.6644 	
start epoch : 23
train
1 (0.1938043067623725, 0.7424799588496158, 0.16582906360515848)
Avg [0.1938043067623725, 0.7424799588496158, 0.16582906360515848]

train Epoch 23 (lr 0.000100)
loss: 0.5858 	
Running time: 93.70543837547302
valid
1 (0.1495983935742972, 0.6324830817282665, 0.12080575457748981)
Avg [0.1495983935742972, 0.6324830817282665, 0.12080575457748981]

valid Epoch 23 (lr 0.000100)
loss: 0.6793 	
				 best epoch: 6     best AUC: 0.6644 	
start epoch : 24
train
1 (0.1795365180289467, 0.7371893591288944, 0.16688949342244358)
Avg [0.1795365180289467, 0.7371893591288944, 0.16688949342244358]

train Epoch 24 (lr 0.000100)
loss: 0.5987 	
Running time: 92.20828127861023
valid
1 (0.15144230769230768, 0.6293824514942158, 0.12021043469754698)
Avg [0.15144230769230768, 0.6293824514942158, 0.12021043469754698]

valid Epoch 24 (lr 0.000100)
loss: 0.6739 	
				 best epoch: 6     best AUC: 0.6644 	
best metric [0.6644294284429126, 6]
